{"C:\\Users\\HP\\OneDrive\\Desktop\\namaste-react\\src\\components\\Body.js": {"path":"C:\\Users\\HP\\OneDrive\\Desktop\\namaste-react\\src\\components\\Body.js","statementMap":{"0":{"start":{"line":9,"column":11},"end":{"line":132,"column":5}},"1":{"start":{"line":12,"column":49},"end":{"line":12,"column":61}},"2":{"start":{"line":13,"column":52},"end":{"line":13,"column":64}},"3":{"start":{"line":15,"column":36},"end":{"line":15,"column":48}},"4":{"start":{"line":17,"column":31},"end":{"line":17,"column":64}},"5":{"start":{"line":45,"column":0},"end":{"line":47,"column":7}},"6":{"start":{"line":46,"column":0},"end":{"line":46,"column":11}},"7":{"start":{"line":49,"column":16},"end":{"line":59,"column":1}},"8":{"start":{"line":50,"column":14},"end":{"line":52,"column":3}},"9":{"start":{"line":54,"column":13},"end":{"line":54,"column":30}},"10":{"start":{"line":55,"column":2},"end":{"line":55,"column":20}},"11":{"start":{"line":57,"column":2},"end":{"line":57,"column":98}},"12":{"start":{"line":58,"column":2},"end":{"line":58,"column":100}},"13":{"start":{"line":61,"column":21},"end":{"line":61,"column":38}},"14":{"start":{"line":63,"column":0},"end":{"line":67,"column":1}},"15":{"start":{"line":64,"column":2},"end":{"line":66,"column":8}},"16":{"start":{"line":69,"column":36},"end":{"line":69,"column":59}},"17":{"start":{"line":73,"column":0},"end":{"line":131,"column":6}},"18":{"start":{"line":78,"column":12},"end":{"line":78,"column":42}},"19":{"start":{"line":83,"column":39},"end":{"line":85,"column":15}},"20":{"start":{"line":84,"column":23},"end":{"line":84,"column":85}},"21":{"start":{"line":86,"column":12},"end":{"line":86,"column":54}},"22":{"start":{"line":97,"column":27},"end":{"line":99,"column":9}},"23":{"start":{"line":98,"column":16},"end":{"line":98,"column":38}},"24":{"start":{"line":100,"column":8},"end":{"line":100,"column":42}},"25":{"start":{"line":109,"column":91},"end":{"line":109,"column":118}},"26":{"start":{"line":116,"column":8},"end":{"line":125,"column":17}}},"fnMap":{"0":{"name":"(anonymous_0)","decl":{"start":{"line":9,"column":11},"end":{"line":9,"column":12}},"loc":{"start":{"line":9,"column":15},"end":{"line":132,"column":5}},"line":9},"1":{"name":"(anonymous_1)","decl":{"start":{"line":45,"column":10},"end":{"line":45,"column":11}},"loc":{"start":{"line":45,"column":14},"end":{"line":47,"column":1}},"line":45},"2":{"name":"(anonymous_2)","decl":{"start":{"line":49,"column":16},"end":{"line":49,"column":17}},"loc":{"start":{"line":49,"column":28},"end":{"line":59,"column":1}},"line":49},"3":{"name":"(anonymous_3)","decl":{"start":{"line":77,"column":129},"end":{"line":77,"column":130}},"loc":{"start":{"line":77,"column":134},"end":{"line":79,"column":11}},"line":77},"4":{"name":"(anonymous_4)","decl":{"start":{"line":82,"column":19},"end":{"line":82,"column":20}},"loc":{"start":{"line":82,"column":23},"end":{"line":87,"column":11}},"line":82},"5":{"name":"(anonymous_5)","decl":{"start":{"line":84,"column":14},"end":{"line":84,"column":15}},"loc":{"start":{"line":84,"column":23},"end":{"line":84,"column":85}},"line":84},"6":{"name":"(anonymous_6)","decl":{"start":{"line":94,"column":15},"end":{"line":94,"column":16}},"loc":{"start":{"line":94,"column":21},"end":{"line":101,"column":5}},"line":94},"7":{"name":"(anonymous_7)","decl":{"start":{"line":98,"column":8},"end":{"line":98,"column":9}},"loc":{"start":{"line":98,"column":16},"end":{"line":98,"column":38}},"line":98},"8":{"name":"(anonymous_8)","decl":{"start":{"line":109,"column":84},"end":{"line":109,"column":85}},"loc":{"start":{"line":109,"column":91},"end":{"line":109,"column":118}},"line":109},"9":{"name":"(anonymous_9)","decl":{"start":{"line":115,"column":31},"end":{"line":115,"column":32}},"loc":{"start":{"line":116,"column":8},"end":{"line":125,"column":17}},"line":116}},"branchMap":{"0":{"loc":{"start":{"line":63,"column":0},"end":{"line":67,"column":1}},"type":"if","locations":[{"start":{"line":63,"column":0},"end":{"line":67,"column":1}},{"start":{},"end":{}}],"line":63},"1":{"loc":{"start":{"line":73,"column":7},"end":{"line":131,"column":5}},"type":"cond-expr","locations":[{"start":{"line":73,"column":38},"end":{"line":73,"column":49}},{"start":{"line":74,"column":4},"end":{"line":130,"column":10}}],"line":73},"2":{"loc":{"start":{"line":122,"column":11},"end":{"line":122,"column":121}},"type":"cond-expr","locations":[{"start":{"line":122,"column":33},"end":{"line":122,"column":79}},{"start":{"line":122,"column":82},"end":{"line":122,"column":121}}],"line":122}},"s":{"0":1,"1":4,"2":4,"3":4,"4":4,"5":4,"6":1,"7":4,"8":1,"9":1,"10":1,"11":1,"12":1,"13":4,"14":4,"15":0,"16":4,"17":4,"18":1,"19":1,"20":8,"21":1,"22":0,"23":0,"24":0,"25":0,"26":18},"f":{"0":4,"1":1,"2":1,"3":1,"4":1,"5":8,"6":0,"7":0,"8":0,"9":18},"b":{"0":[0,4],"1":[1,3],"2":[7,11]},"_coverageSchema":"1a1c01bbd47fc00a2c39e90264f33305004495a9","hash":"63ae23a23c883810a737a1a1108d2238db39d8f5"}
,"C:\\Users\\HP\\OneDrive\\Desktop\\namaste-react\\src\\components\\Cart.js": {"path":"C:\\Users\\HP\\OneDrive\\Desktop\\namaste-react\\src\\components\\Cart.js","statementMap":{"0":{"start":{"line":5,"column":13},"end":{"line":26,"column":1}},"1":{"start":{"line":7,"column":22},"end":{"line":7,"column":62}},"2":{"start":{"line":7,"column":45},"end":{"line":7,"column":61}},"3":{"start":{"line":9,"column":21},"end":{"line":9,"column":34}},"4":{"start":{"line":10,"column":28},"end":{"line":12,"column":5}},"5":{"start":{"line":11,"column":8},"end":{"line":11,"column":30}},"6":{"start":{"line":14,"column":4},"end":{"line":25,"column":6}}},"fnMap":{"0":{"name":"(anonymous_0)","decl":{"start":{"line":5,"column":13},"end":{"line":5,"column":14}},"loc":{"start":{"line":5,"column":19},"end":{"line":26,"column":1}},"line":5},"1":{"name":"(anonymous_1)","decl":{"start":{"line":7,"column":34},"end":{"line":7,"column":35}},"loc":{"start":{"line":7,"column":45},"end":{"line":7,"column":61}},"line":7},"2":{"name":"(anonymous_2)","decl":{"start":{"line":10,"column":28},"end":{"line":10,"column":29}},"loc":{"start":{"line":10,"column":34},"end":{"line":12,"column":5}},"line":10}},"branchMap":{"0":{"loc":{"start":{"line":19,"column":13},"end":{"line":21,"column":13}},"type":"binary-expr","locations":[{"start":{"line":19,"column":13},"end":{"line":19,"column":32}},{"start":{"line":20,"column":16},"end":{"line":20,"column":63}}],"line":19}},"s":{"0":1,"1":3,"2":6,"3":3,"4":3,"5":0,"6":3},"f":{"0":3,"1":6,"2":0},"b":{"0":[3,1]},"_coverageSchema":"1a1c01bbd47fc00a2c39e90264f33305004495a9","hash":"5894d70e9953b4d6a10fd8a3c5683c48f28532b3"}
,"C:\\Users\\HP\\OneDrive\\Desktop\\namaste-react\\src\\components\\Contact.js": {"path":"C:\\Users\\HP\\OneDrive\\Desktop\\namaste-react\\src\\components\\Contact.js","statementMap":{"0":{"start":{"line":1,"column":16},"end":{"line":10,"column":1}},"1":{"start":{"line":2,"column":4},"end":{"line":9,"column":5}}},"fnMap":{"0":{"name":"(anonymous_0)","decl":{"start":{"line":1,"column":16},"end":{"line":1,"column":17}},"loc":{"start":{"line":1,"column":22},"end":{"line":10,"column":1}},"line":1}},"branchMap":{},"s":{"0":1,"1":3},"f":{"0":3},"b":{},"_coverageSchema":"1a1c01bbd47fc00a2c39e90264f33305004495a9","hash":"3a1e462eb34a3478a9b1f519d806b9f882983f54"}
,"C:\\Users\\HP\\OneDrive\\Desktop\\namaste-react\\src\\components\\Header.js": {"path":"C:\\Users\\HP\\OneDrive\\Desktop\\namaste-react\\src\\components\\Header.js","statementMap":{"0":{"start":{"line":8,"column":13},"end":{"line":63,"column":3}},"1":{"start":{"line":9,"column":14},"end":{"line":9,"column":21}},"2":{"start":{"line":10,"column":40},"end":{"line":10,"column":57}},"3":{"start":{"line":14,"column":23},"end":{"line":14,"column":40}},"4":{"start":{"line":16,"column":24},"end":{"line":16,"column":47}},"5":{"start":{"line":20,"column":18},"end":{"line":20,"column":58}},"6":{"start":{"line":20,"column":41},"end":{"line":20,"column":57}},"7":{"start":{"line":21,"column":0},"end":{"line":21,"column":23}},"8":{"start":{"line":23,"column":4},"end":{"line":62,"column":6}},"9":{"start":{"line":52,"column":8},"end":{"line":52,"column":86}}},"fnMap":{"0":{"name":"(anonymous_0)","decl":{"start":{"line":8,"column":13},"end":{"line":8,"column":14}},"loc":{"start":{"line":8,"column":17},"end":{"line":63,"column":3}},"line":8},"1":{"name":"(anonymous_1)","decl":{"start":{"line":20,"column":30},"end":{"line":20,"column":31}},"loc":{"start":{"line":20,"column":41},"end":{"line":20,"column":57}},"line":20},"2":{"name":"(anonymous_2)","decl":{"start":{"line":51,"column":42},"end":{"line":51,"column":43}},"loc":{"start":{"line":51,"column":46},"end":{"line":53,"column":9}},"line":51}},"branchMap":{"0":{"loc":{"start":{"line":32,"column":25},"end":{"line":32,"column":51}},"type":"cond-expr","locations":[{"start":{"line":32,"column":40},"end":{"line":32,"column":44}},{"start":{"line":32,"column":47},"end":{"line":32,"column":51}}],"line":32},"1":{"loc":{"start":{"line":52,"column":8},"end":{"line":52,"column":85}},"type":"cond-expr","locations":[{"start":{"line":52,"column":33},"end":{"line":52,"column":58}},{"start":{"line":52,"column":61},"end":{"line":52,"column":85}}],"line":52}},"s":{"0":2,"1":8,"2":8,"3":8,"4":8,"5":8,"6":15,"7":8,"8":8,"9":1},"f":{"0":8,"1":15,"2":1},"b":{"0":[8,0],"1":[1,0]},"_coverageSchema":"1a1c01bbd47fc00a2c39e90264f33305004495a9","hash":"429022bb5ab40a8d3f23d68682839ad55e443616"}
,"C:\\Users\\HP\\OneDrive\\Desktop\\namaste-react\\src\\components\\ItemList.js": {"path":"C:\\Users\\HP\\OneDrive\\Desktop\\namaste-react\\src\\components\\ItemList.js","statementMap":{"0":{"start":{"line":5,"column":17},"end":{"line":38,"column":1}},"1":{"start":{"line":8,"column":20},"end":{"line":8,"column":33}},"2":{"start":{"line":10,"column":23},"end":{"line":13,"column":1}},"3":{"start":{"line":12,"column":3},"end":{"line":12,"column":27}},"4":{"start":{"line":15,"column":0},"end":{"line":37,"column":6}},"5":{"start":{"line":18,"column":3},"end":{"line":35,"column":9}},"6":{"start":{"line":31,"column":111},"end":{"line":31,"column":131}}},"fnMap":{"0":{"name":"(anonymous_0)","decl":{"start":{"line":5,"column":17},"end":{"line":5,"column":18}},"loc":{"start":{"line":5,"column":30},"end":{"line":38,"column":1}},"line":5},"1":{"name":"(anonymous_1)","decl":{"start":{"line":10,"column":23},"end":{"line":10,"column":24}},"loc":{"start":{"line":10,"column":33},"end":{"line":13,"column":1}},"line":10},"2":{"name":"(anonymous_2)","decl":{"start":{"line":17,"column":14},"end":{"line":17,"column":15}},"loc":{"start":{"line":18,"column":3},"end":{"line":35,"column":9}},"line":18},"3":{"name":"(anonymous_3)","decl":{"start":{"line":31,"column":105},"end":{"line":31,"column":106}},"loc":{"start":{"line":31,"column":111},"end":{"line":31,"column":131}},"line":31}},"branchMap":{"0":{"loc":{"start":{"line":25,"column":21},"end":{"line":25,"column":104}},"type":"cond-expr","locations":[{"start":{"line":25,"column":44},"end":{"line":25,"column":68}},{"start":{"line":25,"column":71},"end":{"line":25,"column":104}}],"line":25}},"s":{"0":1,"1":4,"2":4,"3":2,"4":4,"5":11,"6":2},"f":{"0":4,"1":2,"2":11,"3":2},"b":{"0":[0,11]},"_coverageSchema":"1a1c01bbd47fc00a2c39e90264f33305004495a9","hash":"f8829a1d28168e1dd7835faa7a637761dfea422d"}
,"C:\\Users\\HP\\OneDrive\\Desktop\\namaste-react\\src\\components\\RestaurantCard.js": {"path":"C:\\Users\\HP\\OneDrive\\Desktop\\namaste-react\\src\\components\\RestaurantCard.js","statementMap":{"0":{"start":{"line":3,"column":21},"end":{"line":31,"column":3}},"1":{"start":{"line":4,"column":19},"end":{"line":4,"column":24}},"2":{"start":{"line":12,"column":8},"end":{"line":12,"column":21}},"3":{"start":{"line":15,"column":7},"end":{"line":15,"column":24}},"4":{"start":{"line":17,"column":4},"end":{"line":30,"column":6}},"5":{"start":{"line":37,"column":35},"end":{"line":46,"column":3}},"6":{"start":{"line":38,"column":4},"end":{"line":45,"column":6}},"7":{"start":{"line":39,"column":6},"end":{"line":44,"column":8}}},"fnMap":{"0":{"name":"(anonymous_0)","decl":{"start":{"line":3,"column":21},"end":{"line":3,"column":22}},"loc":{"start":{"line":3,"column":30},"end":{"line":31,"column":3}},"line":3},"1":{"name":"(anonymous_1)","decl":{"start":{"line":37,"column":35},"end":{"line":37,"column":36}},"loc":{"start":{"line":37,"column":55},"end":{"line":46,"column":3}},"line":37},"2":{"name":"(anonymous_2)","decl":{"start":{"line":38,"column":11},"end":{"line":38,"column":12}},"loc":{"start":{"line":38,"column":22},"end":{"line":45,"column":5}},"line":38}},"branchMap":{},"s":{"0":2,"1":19,"2":19,"3":19,"4":19,"5":2,"6":4,"7":7},"f":{"0":19,"1":4,"2":7},"b":{},"_coverageSchema":"1a1c01bbd47fc00a2c39e90264f33305004495a9","hash":"f91811ed617c778d1ed077e77a94ca9e80e05795"}
,"C:\\Users\\HP\\OneDrive\\Desktop\\namaste-react\\src\\components\\RestaurantCategory.js": {"path":"C:\\Users\\HP\\OneDrive\\Desktop\\namaste-react\\src\\components\\RestaurantCategory.js","statementMap":{"0":{"start":{"line":4,"column":27},"end":{"line":29,"column":1}},"1":{"start":{"line":6,"column":20},"end":{"line":8,"column":1}},"2":{"start":{"line":7,"column":1},"end":{"line":7,"column":16}},"3":{"start":{"line":12,"column":4},"end":{"line":26,"column":10}}},"fnMap":{"0":{"name":"(anonymous_0)","decl":{"start":{"line":4,"column":27},"end":{"line":4,"column":28}},"loc":{"start":{"line":4,"column":62},"end":{"line":29,"column":1}},"line":4},"1":{"name":"(anonymous_1)","decl":{"start":{"line":6,"column":20},"end":{"line":6,"column":21}},"loc":{"start":{"line":6,"column":26},"end":{"line":8,"column":1}},"line":6}},"branchMap":{"0":{"loc":{"start":{"line":21,"column":13},"end":{"line":21,"column":61}},"type":"binary-expr","locations":[{"start":{"line":21,"column":13},"end":{"line":21,"column":22}},{"start":{"line":21,"column":26},"end":{"line":21,"column":61}}],"line":21}},"s":{"0":1,"1":24,"2":1,"3":24},"f":{"0":24,"1":1},"b":{"0":[24,1]},"_coverageSchema":"1a1c01bbd47fc00a2c39e90264f33305004495a9","hash":"a768d2ca1eb3fe49391140d8416879166ef71c48"}
,"C:\\Users\\HP\\OneDrive\\Desktop\\namaste-react\\src\\components\\RestaurantMenu.js": {"path":"C:\\Users\\HP\\OneDrive\\Desktop\\namaste-react\\src\\components\\RestaurantMenu.js","statementMap":{"0":{"start":{"line":6,"column":23},"end":{"line":63,"column":1}},"1":{"start":{"line":11,"column":18},"end":{"line":11,"column":29}},"2":{"start":{"line":13,"column":17},"end":{"line":13,"column":41}},"3":{"start":{"line":15,"column":35},"end":{"line":15,"column":49}},"4":{"start":{"line":32,"column":0},"end":{"line":32,"column":38}},"5":{"start":{"line":32,"column":19},"end":{"line":32,"column":38}},"6":{"start":{"line":34,"column":46},"end":{"line":34,"column":81}},"7":{"start":{"line":36,"column":20},"end":{"line":36,"column":95}},"8":{"start":{"line":40,"column":19},"end":{"line":40,"column":182}},"9":{"start":{"line":40,"column":92},"end":{"line":40,"column":181}},"10":{"start":{"line":44,"column":1},"end":{"line":62,"column":3}},"11":{"start":{"line":54,"column":6},"end":{"line":58,"column":49}},"12":{"start":{"line":58,"column":26},"end":{"line":58,"column":45}}},"fnMap":{"0":{"name":"(anonymous_0)","decl":{"start":{"line":6,"column":23},"end":{"line":6,"column":24}},"loc":{"start":{"line":6,"column":29},"end":{"line":63,"column":1}},"line":6},"1":{"name":"(anonymous_1)","decl":{"start":{"line":40,"column":87},"end":{"line":40,"column":88}},"loc":{"start":{"line":40,"column":92},"end":{"line":40,"column":181}},"line":40},"2":{"name":"(anonymous_2)","decl":{"start":{"line":52,"column":20},"end":{"line":52,"column":21}},"loc":{"start":{"line":54,"column":6},"end":{"line":58,"column":49}},"line":54},"3":{"name":"(anonymous_3)","decl":{"start":{"line":58,"column":20},"end":{"line":58,"column":21}},"loc":{"start":{"line":58,"column":26},"end":{"line":58,"column":45}},"line":58}},"branchMap":{"0":{"loc":{"start":{"line":32,"column":0},"end":{"line":32,"column":38}},"type":"if","locations":[{"start":{"line":32,"column":0},"end":{"line":32,"column":38}},{"start":{},"end":{}}],"line":32},"1":{"loc":{"start":{"line":57,"column":17},"end":{"line":57,"column":48}},"type":"cond-expr","locations":[{"start":{"line":57,"column":36},"end":{"line":57,"column":40}},{"start":{"line":57,"column":43},"end":{"line":57,"column":48}}],"line":57}},"s":{"0":1,"1":3,"2":3,"3":3,"4":3,"5":1,"6":2,"7":2,"8":2,"9":32,"10":2,"11":24,"12":1},"f":{"0":3,"1":32,"2":24,"3":1},"b":{"0":[1,2],"1":[1,23]},"_coverageSchema":"1a1c01bbd47fc00a2c39e90264f33305004495a9","hash":"1d347dffd393c6856d91645a11ee3ae7e21fad1b"}
,"C:\\Users\\HP\\OneDrive\\Desktop\\namaste-react\\src\\components\\Shimmer.js": {"path":"C:\\Users\\HP\\OneDrive\\Desktop\\namaste-react\\src\\components\\Shimmer.js","statementMap":{"0":{"start":{"line":1,"column":14},"end":{"line":19,"column":1}},"1":{"start":{"line":2,"column":4},"end":{"line":18,"column":10}}},"fnMap":{"0":{"name":"(anonymous_0)","decl":{"start":{"line":1,"column":14},"end":{"line":1,"column":15}},"loc":{"start":{"line":1,"column":19},"end":{"line":19,"column":1}},"line":1}},"branchMap":{},"s":{"0":2,"1":2},"f":{"0":2},"b":{},"_coverageSchema":"1a1c01bbd47fc00a2c39e90264f33305004495a9","hash":"d8dd68c0de1de9fc5e8a30a29b9753e42c21ff8a"}
,"C:\\Users\\HP\\OneDrive\\Desktop\\namaste-react\\src\\components\\sum.js": {"path":"C:\\Users\\HP\\OneDrive\\Desktop\\namaste-react\\src\\components\\sum.js","statementMap":{"0":{"start":{"line":1,"column":19},"end":{"line":3,"column":1}},"1":{"start":{"line":2,"column":4},"end":{"line":2,"column":15}}},"fnMap":{"0":{"name":"(anonymous_0)","decl":{"start":{"line":1,"column":19},"end":{"line":1,"column":20}},"loc":{"start":{"line":1,"column":28},"end":{"line":3,"column":1}},"line":1}},"branchMap":{},"s":{"0":1,"1":1},"f":{"0":1},"b":{},"_coverageSchema":"1a1c01bbd47fc00a2c39e90264f33305004495a9","hash":"f56a9808c7b2a78de3b5f96213ae6264f14e1d2e"}
,"C:\\Users\\HP\\OneDrive\\Desktop\\namaste-react\\src\\utils\\UserContext.js": {"path":"C:\\Users\\HP\\OneDrive\\Desktop\\namaste-react\\src\\utils\\UserContext.js","statementMap":{"0":{"start":{"line":3,"column":20},"end":{"line":5,"column":2}}},"fnMap":{},"branchMap":{},"s":{"0":3},"f":{},"b":{},"_coverageSchema":"1a1c01bbd47fc00a2c39e90264f33305004495a9","hash":"a880761af71b15b0a9bd12a47f9f03a1f74d5e98"}
,"C:\\Users\\HP\\OneDrive\\Desktop\\namaste-react\\src\\utils\\appStore.js": {"path":"C:\\Users\\HP\\OneDrive\\Desktop\\namaste-react\\src\\utils\\appStore.js","statementMap":{"0":{"start":{"line":4,"column":17},"end":{"line":8,"column":2}}},"fnMap":{},"branchMap":{},"s":{"0":2},"f":{},"b":{},"_coverageSchema":"1a1c01bbd47fc00a2c39e90264f33305004495a9","hash":"1332cb7c5c4116dae9dea4168fcfc90f2c9e4a87"}
,"C:\\Users\\HP\\OneDrive\\Desktop\\namaste-react\\src\\utils\\cartSlice.js": {"path":"C:\\Users\\HP\\OneDrive\\Desktop\\namaste-react\\src\\utils\\cartSlice.js","statementMap":{"0":{"start":{"line":4,"column":18},"end":{"line":23,"column":2}},"1":{"start":{"line":14,"column":9},"end":{"line":14,"column":42}},"2":{"start":{"line":17,"column":8},"end":{"line":17,"column":26}},"3":{"start":{"line":20,"column":8},"end":{"line":20,"column":31}},"4":{"start":{"line":25,"column":50},"end":{"line":25,"column":67}}},"fnMap":{"0":{"name":"(anonymous_0)","decl":{"start":{"line":12,"column":16},"end":{"line":12,"column":17}},"loc":{"start":{"line":12,"column":35},"end":{"line":15,"column":7}},"line":12},"1":{"name":"(anonymous_1)","decl":{"start":{"line":16,"column":19},"end":{"line":16,"column":20}},"loc":{"start":{"line":16,"column":30},"end":{"line":18,"column":7}},"line":16},"2":{"name":"(anonymous_2)","decl":{"start":{"line":19,"column":18},"end":{"line":19,"column":19}},"loc":{"start":{"line":19,"column":29},"end":{"line":21,"column":7}},"line":19}},"branchMap":{},"s":{"0":2,"1":2,"2":0,"3":0,"4":2},"f":{"0":2,"1":0,"2":0},"b":{},"_coverageSchema":"1a1c01bbd47fc00a2c39e90264f33305004495a9","hash":"f95f78c5f90811d416348ac0fad94985483605a5"}
,"C:\\Users\\HP\\OneDrive\\Desktop\\namaste-react\\src\\utils\\constants.js": {"path":"C:\\Users\\HP\\OneDrive\\Desktop\\namaste-react\\src\\utils\\constants.js","statementMap":{"0":{"start":{"line":2,"column":8},"end":{"line":2,"column":91}},"1":{"start":{"line":4,"column":8},"end":{"line":4,"column":109}},"2":{"start":{"line":7,"column":0},"end":{"line":7,"column":119}}},"fnMap":{},"branchMap":{},"s":{"0":4,"1":4,"2":4},"f":{},"b":{},"_coverageSchema":"1a1c01bbd47fc00a2c39e90264f33305004495a9","hash":"b77c888b20b1a256029a43c646d939d656164974"}
,"C:\\Users\\HP\\OneDrive\\Desktop\\namaste-react\\src\\utils\\useOnlineStatus.js": {"path":"C:\\Users\\HP\\OneDrive\\Desktop\\namaste-react\\src\\utils\\useOnlineStatus.js","statementMap":{"0":{"start":{"line":4,"column":24},"end":{"line":24,"column":1}},"1":{"start":{"line":7,"column":43},"end":{"line":7,"column":57}},"2":{"start":{"line":10,"column":4},"end":{"line":20,"column":10}},"3":{"start":{"line":12,"column":8},"end":{"line":14,"column":11}},"4":{"start":{"line":13,"column":9},"end":{"line":13,"column":32}},"5":{"start":{"line":16,"column":8},"end":{"line":18,"column":14}},"6":{"start":{"line":17,"column":12},"end":{"line":17,"column":34}},"7":{"start":{"line":23,"column":4},"end":{"line":23,"column":24}}},"fnMap":{"0":{"name":"(anonymous_0)","decl":{"start":{"line":4,"column":24},"end":{"line":4,"column":25}},"loc":{"start":{"line":4,"column":30},"end":{"line":24,"column":1}},"line":4},"1":{"name":"(anonymous_1)","decl":{"start":{"line":10,"column":14},"end":{"line":10,"column":15}},"loc":{"start":{"line":10,"column":20},"end":{"line":20,"column":5}},"line":10},"2":{"name":"(anonymous_2)","decl":{"start":{"line":12,"column":42},"end":{"line":12,"column":43}},"loc":{"start":{"line":12,"column":46},"end":{"line":14,"column":9}},"line":12},"3":{"name":"(anonymous_3)","decl":{"start":{"line":16,"column":41},"end":{"line":16,"column":42}},"loc":{"start":{"line":16,"column":45},"end":{"line":18,"column":12}},"line":16}},"branchMap":{},"s":{"0":3,"1":12,"2":12,"3":6,"4":0,"5":6,"6":0,"7":12},"f":{"0":12,"1":6,"2":0,"3":0},"b":{},"_coverageSchema":"1a1c01bbd47fc00a2c39e90264f33305004495a9","hash":"ea3ca76ef9a0b1b0964c6ea2e0518d29f0c56bb1"}
,"C:\\Users\\HP\\OneDrive\\Desktop\\namaste-react\\src\\utils\\useRestaurantMenu.js": {"path":"C:\\Users\\HP\\OneDrive\\Desktop\\namaste-react\\src\\utils\\useRestaurantMenu.js","statementMap":{"0":{"start":{"line":4,"column":26},"end":{"line":20,"column":1}},"1":{"start":{"line":6,"column":32},"end":{"line":6,"column":46}},"2":{"start":{"line":9,"column":4},"end":{"line":11,"column":10}},"3":{"start":{"line":10,"column":5},"end":{"line":10,"column":17}},"4":{"start":{"line":13,"column":22},"end":{"line":17,"column":5}},"5":{"start":{"line":14,"column":18},"end":{"line":14,"column":47}},"6":{"start":{"line":15,"column":18},"end":{"line":15,"column":35}},"7":{"start":{"line":16,"column":5},"end":{"line":16,"column":27}},"8":{"start":{"line":19,"column":4},"end":{"line":19,"column":19}}},"fnMap":{"0":{"name":"(anonymous_0)","decl":{"start":{"line":4,"column":26},"end":{"line":4,"column":27}},"loc":{"start":{"line":4,"column":36},"end":{"line":20,"column":1}},"line":4},"1":{"name":"(anonymous_1)","decl":{"start":{"line":9,"column":14},"end":{"line":9,"column":15}},"loc":{"start":{"line":9,"column":20},"end":{"line":11,"column":5}},"line":9},"2":{"name":"(anonymous_2)","decl":{"start":{"line":13,"column":22},"end":{"line":13,"column":23}},"loc":{"start":{"line":13,"column":34},"end":{"line":17,"column":5}},"line":13}},"branchMap":{},"s":{"0":1,"1":3,"2":3,"3":1,"4":3,"5":1,"6":1,"7":1,"8":3},"f":{"0":3,"1":1,"2":1},"b":{},"_coverageSchema":"1a1c01bbd47fc00a2c39e90264f33305004495a9","hash":"58af4e3262b0d389775c76e9e22123914d263fb7"}
}
