TN:
SF:src\components\Body.js
FN:9,(anonymous_0)
FN:45,(anonymous_1)
FN:49,(anonymous_2)
FN:77,(anonymous_3)
FN:82,(anonymous_4)
FN:84,(anonymous_5)
FN:94,(anonymous_6)
FN:98,(anonymous_7)
FN:109,(anonymous_8)
FN:115,(anonymous_9)
FNF:10
FNH:7
FNDA:4,(anonymous_0)
FNDA:1,(anonymous_1)
FNDA:1,(anonymous_2)
FNDA:1,(anonymous_3)
FNDA:1,(anonymous_4)
FNDA:8,(anonymous_5)
FNDA:0,(anonymous_6)
FNDA:0,(anonymous_7)
FNDA:0,(anonymous_8)
FNDA:18,(anonymous_9)
DA:9,1
DA:12,4
DA:13,4
DA:15,4
DA:17,4
DA:45,4
DA:46,1
DA:49,4
DA:50,1
DA:54,1
DA:55,1
DA:57,1
DA:58,1
DA:61,4
DA:63,4
DA:64,0
DA:69,4
DA:73,4
DA:78,1
DA:83,1
DA:84,8
DA:86,1
DA:97,0
DA:98,0
DA:100,0
DA:109,0
DA:116,18
LF:27
LH:22
BRDA:63,0,0,0
BRDA:63,0,1,4
BRDA:73,1,0,1
BRDA:73,1,1,3
BRDA:122,2,0,7
BRDA:122,2,1,11
BRF:6
BRH:5
end_of_record
TN:
SF:src\components\Cart.js
FN:5,(anonymous_0)
FN:7,(anonymous_1)
FN:10,(anonymous_2)
FNF:3
FNH:2
FNDA:3,(anonymous_0)
FNDA:6,(anonymous_1)
FNDA:0,(anonymous_2)
DA:5,1
DA:7,6
DA:9,3
DA:10,3
DA:11,0
DA:14,3
LF:6
LH:5
BRDA:19,0,0,3
BRDA:19,0,1,1
BRF:2
BRH:2
end_of_record
TN:
SF:src\components\Contact.js
FN:1,(anonymous_0)
FNF:1
FNH:1
FNDA:3,(anonymous_0)
DA:1,1
DA:2,3
LF:2
LH:2
BRF:0
BRH:0
end_of_record
TN:
SF:src\components\Header.js
FN:8,(anonymous_0)
FN:20,(anonymous_1)
FN:51,(anonymous_2)
FNF:3
FNH:3
FNDA:8,(anonymous_0)
FNDA:15,(anonymous_1)
FNDA:1,(anonymous_2)
DA:8,2
DA:9,8
DA:10,8
DA:14,8
DA:16,8
DA:20,15
DA:21,8
DA:23,8
DA:52,1
LF:9
LH:9
BRDA:32,0,0,8
BRDA:32,0,1,0
BRDA:52,1,0,1
BRDA:52,1,1,0
BRF:4
BRH:2
end_of_record
TN:
SF:src\components\ItemList.js
FN:5,(anonymous_0)
FN:10,(anonymous_1)
FN:17,(anonymous_2)
FN:31,(anonymous_3)
FNF:4
FNH:4
FNDA:4,(anonymous_0)
FNDA:2,(anonymous_1)
FNDA:11,(anonymous_2)
FNDA:2,(anonymous_3)
DA:5,1
DA:8,4
DA:10,4
DA:12,2
DA:15,4
DA:18,11
DA:31,2
LF:7
LH:7
BRDA:25,0,0,0
BRDA:25,0,1,11
BRF:2
BRH:1
end_of_record
TN:
SF:src\components\RestaurantCard.js
FN:3,(anonymous_0)
FN:37,(anonymous_1)
FN:38,(anonymous_2)
FNF:3
FNH:3
FNDA:19,(anonymous_0)
FNDA:4,(anonymous_1)
FNDA:7,(anonymous_2)
DA:3,2
DA:4,19
DA:12,19
DA:15,19
DA:17,19
DA:37,2
DA:38,4
DA:39,7
LF:8
LH:8
BRF:0
BRH:0
end_of_record
TN:
SF:src\components\RestaurantCategory.js
FN:4,(anonymous_0)
FN:6,(anonymous_1)
FNF:2
FNH:2
FNDA:24,(anonymous_0)
FNDA:1,(anonymous_1)
DA:4,1
DA:6,24
DA:7,1
DA:12,24
LF:4
LH:4
BRDA:21,0,0,24
BRDA:21,0,1,1
BRF:2
BRH:2
end_of_record
TN:
SF:src\components\RestaurantMenu.js
FN:6,(anonymous_0)
FN:40,(anonymous_1)
FN:52,(anonymous_2)
FN:58,(anonymous_3)
FNF:4
FNH:4
FNDA:3,(anonymous_0)
FNDA:32,(anonymous_1)
FNDA:24,(anonymous_2)
FNDA:1,(anonymous_3)
DA:6,1
DA:11,3
DA:13,3
DA:15,3
DA:32,3
DA:34,2
DA:36,2
DA:40,32
DA:44,2
DA:54,24
DA:58,1
LF:11
LH:11
BRDA:32,0,0,1
BRDA:32,0,1,2
BRDA:57,1,0,1
BRDA:57,1,1,23
BRF:4
BRH:4
end_of_record
TN:
SF:src\components\Shimmer.js
FN:1,(anonymous_0)
FNF:1
FNH:1
FNDA:2,(anonymous_0)
DA:1,2
DA:2,2
LF:2
LH:2
BRF:0
BRH:0
end_of_record
TN:
SF:src\components\sum.js
FN:1,(anonymous_0)
FNF:1
FNH:1
FNDA:1,(anonymous_0)
DA:1,1
DA:2,1
LF:2
LH:2
BRF:0
BRH:0
end_of_record
TN:
SF:src\utils\UserContext.js
FNF:0
FNH:0
DA:3,3
LF:1
LH:1
BRF:0
BRH:0
end_of_record
TN:
SF:src\utils\appStore.js
FNF:0
FNH:0
DA:4,2
LF:1
LH:1
BRF:0
BRH:0
end_of_record
TN:
SF:src\utils\cartSlice.js
FN:12,(anonymous_0)
FN:16,(anonymous_1)
FN:19,(anonymous_2)
FNF:3
FNH:1
FNDA:2,(anonymous_0)
FNDA:0,(anonymous_1)
FNDA:0,(anonymous_2)
DA:4,2
DA:14,2
DA:17,0
DA:20,0
DA:25,2
LF:5
LH:3
BRF:0
BRH:0
end_of_record
TN:
SF:src\utils\constants.js
FNF:0
FNH:0
DA:2,4
DA:4,4
DA:7,4
LF:3
LH:3
BRF:0
BRH:0
end_of_record
TN:
SF:src\utils\useOnlineStatus.js
FN:4,(anonymous_0)
FN:10,(anonymous_1)
FN:12,(anonymous_2)
FN:16,(anonymous_3)
FNF:4
FNH:2
FNDA:12,(anonymous_0)
FNDA:6,(anonymous_1)
FNDA:0,(anonymous_2)
FNDA:0,(anonymous_3)
DA:4,3
DA:7,12
DA:10,12
DA:12,6
DA:13,0
DA:16,6
DA:17,0
DA:23,12
LF:8
LH:6
BRF:0
BRH:0
end_of_record
TN:
SF:src\utils\useRestaurantMenu.js
FN:4,(anonymous_0)
FN:9,(anonymous_1)
FN:13,(anonymous_2)
FNF:3
FNH:3
FNDA:3,(anonymous_0)
FNDA:1,(anonymous_1)
FNDA:1,(anonymous_2)
DA:4,1
DA:6,3
DA:9,3
DA:10,1
DA:13,3
DA:14,1
DA:15,1
DA:16,1
DA:19,3
LF:9
LH:9
BRF:0
BRH:0
end_of_record
